<?xml version="1.0" encoding="UTF-8"?>
<!-- Generated by org.testng.reporters.JUnitXMLReporter -->
<testsuite ignored="0" hostname="home-laptop" failures="1" tests="1" name="Test" time="14.666" errors="0" timestamp="2023-02-09T13:40:32 IST">
  <testcase classname="com.onlinebooking.testcases.Test_HomePage" name="demoTest" time="2.884">
    <failure type="java.lang.AssertionError" message="expected [true] but found [false]">
      <![CDATA[java.lang.AssertionError: expected [true] but found [false]
at com.onlinebooking.testcases.Test_HomePage.demoTest(Test_HomePage.java:41)
at java.base/java.util.ArrayList.forEach(ArrayList.java:1511)
... Removed 31 stack frames]]>
    </failure>
  </testcase> <!-- demoTest -->
</testsuite> <!-- Test -->
