<?xml version="1.0" encoding="UTF-8"?>
<!-- Generated by org.testng.reporters.JUnitXMLReporter -->
<testsuite ignored="0" hostname="home-laptop" failures="1" tests="2" name="Test" time="22.118" errors="0" timestamp="2023-02-09T20:34:21 IST">
  <testcase classname="com.onlinebooking.testcases.Test_HomePage" name="demoTest" time="1.476"/>
  <testcase classname="com.onlinebooking.testcases.Test_HomePage" name="demoTest2" time="0.037">
    <failure type="java.lang.AssertionError" message="expected [true] but found [false]">
      <![CDATA[java.lang.AssertionError: expected [true] but found [false]
at com.onlinebooking.testcases.Test_HomePage.demoTest2(Test_HomePage.java:51)
at java.base/java.util.ArrayList.forEach(ArrayList.java:1511)
... Removed 35 stack frames]]>
    </failure>
  </testcase> <!-- demoTest2 -->
</testsuite> <!-- Test -->
